<?xml version="1.0" encoding="UTF-8"?>
<!-- Generated by org.testng.reporters.JUnitReportReporter -->
<testsuite hostname="DESKTOP-CK4OP8F" failures="0" tests="1" name="com.SauceDemo.TestClasses.TC01_VerifyLoginFunctionality" time="33.107" errors="0" timestamp="2022-10-11T19:55:12 IST" skipped="0">
  <testcase classname="com.SauceDemo.TestClasses.TC01_VerifyLoginFunctionality" name="verifyLoginFunctionality" time="33.107"/>
  <system-out/>
</testsuite> <!-- com.SauceDemo.TestClasses.TC01_VerifyLoginFunctionality -->
